{"/Users/alexyeates/development/wdi-group-project/index.js":{"path":"/Users/alexyeates/development/wdi-group-project/index.js","s":{"1":1,"2":1,"3":1,"4":1,"5":1,"6":1,"7":1,"8":1,"9":1,"10":1,"11":1,"12":4,"13":1,"14":1,"15":1},"b":{"1":[1,1]},"f":{},"fnMap":{},"statementMap":{"1":{"start":{"line":1,"column":0},"end":{"line":1,"column":41}},"2":{"start":{"line":2,"column":0},"end":{"line":2,"column":47}},"3":{"start":{"line":3,"column":0},"end":{"line":3,"column":32}},"4":{"start":{"line":4,"column":0},"end":{"line":4,"column":44}},"5":{"start":{"line":5,"column":0},"end":{"line":5,"column":45}},"6":{"start":{"line":6,"column":0},"end":{"line":6,"column":46}},"7":{"start":{"line":9,"column":0},"end":{"line":9,"column":42}},"8":{"start":{"line":10,"column":0},"end":{"line":10,"column":42}},"9":{"start":{"line":12,"column":0},"end":{"line":12,"column":30}},"10":{"start":{"line":15,"column":0},"end":{"line":15,"column":27}},"11":{"start":{"line":17,"column":0},"end":{"line":17,"column":64}},"12":{"start":{"line":17,"column":28},"end":{"line":17,"column":62}},"13":{"start":{"line":20,"column":0},"end":{"line":20,"column":76}},"14":{"start":{"line":20,"column":23},"end":{"line":20,"column":74}},"15":{"start":{"line":22,"column":0},"end":{"line":22,"column":21}}},"branchMap":{"1":{"line":2,"type":"binary-expr","locations":[{"start":{"line":2,"column":22},"end":{"line":2,"column":38}},{"start":{"line":2,"column":42},"end":{"line":2,"column":46}}]}}},"/Users/alexyeates/development/wdi-group-project/config/env.js":{"path":"/Users/alexyeates/development/wdi-group-project/config/env.js","s":{"1":1},"b":{},"f":{},"fnMap":{},"statementMap":{"1":{"start":{"line":1,"column":0},"end":{"line":8,"column":2}}},"branchMap":{}}}