{"/Users/alexyeates/development/wdi-group-project/index.js":{"path":"/Users/alexyeates/development/wdi-group-project/index.js","s":{"1":1,"2":1,"3":1,"4":1,"5":1,"6":1,"7":1,"8":1,"9":1,"10":1,"11":1,"12":1,"13":1,"14":1,"15":1,"16":1,"17":1,"18":1,"19":1,"20":1},"b":{"1":[1,1]},"f":{},"fnMap":{},"statementMap":{"1":{"start":{"line":1,"column":0},"end":{"line":1,"column":41}},"2":{"start":{"line":2,"column":0},"end":{"line":2,"column":47}},"3":{"start":{"line":3,"column":0},"end":{"line":3,"column":32}},"4":{"start":{"line":4,"column":0},"end":{"line":4,"column":44}},"5":{"start":{"line":5,"column":0},"end":{"line":5,"column":45}},"6":{"start":{"line":6,"column":0},"end":{"line":6,"column":46}},"7":{"start":{"line":7,"column":0},"end":{"line":7,"column":49}},"8":{"start":{"line":8,"column":0},"end":{"line":8,"column":52}},"9":{"start":{"line":9,"column":0},"end":{"line":9,"column":42}},"10":{"start":{"line":10,"column":0},"end":{"line":10,"column":42}},"11":{"start":{"line":12,"column":0},"end":{"line":12,"column":30}},"12":{"start":{"line":13,"column":0},"end":{"line":13,"column":47}},"13":{"start":{"line":15,"column":0},"end":{"line":15,"column":27}},"14":{"start":{"line":16,"column":0},"end":{"line":16,"column":24}},"15":{"start":{"line":17,"column":0},"end":{"line":17,"column":64}},"16":{"start":{"line":17,"column":28},"end":{"line":17,"column":62}},"17":{"start":{"line":18,"column":0},"end":{"line":18,"column":22}},"18":{"start":{"line":20,"column":0},"end":{"line":20,"column":76}},"19":{"start":{"line":20,"column":23},"end":{"line":20,"column":74}},"20":{"start":{"line":22,"column":0},"end":{"line":22,"column":21}}},"branchMap":{"1":{"line":2,"type":"binary-expr","locations":[{"start":{"line":2,"column":22},"end":{"line":2,"column":38}},{"start":{"line":2,"column":42},"end":{"line":2,"column":46}}]}}},"/Users/alexyeates/development/wdi-group-project/config/env.js":{"path":"/Users/alexyeates/development/wdi-group-project/config/env.js","s":{"1":1},"b":{},"f":{},"fnMap":{},"statementMap":{"1":{"start":{"line":1,"column":0},"end":{"line":8,"column":2}}},"branchMap":{}},"/Users/alexyeates/development/wdi-group-project/config/routes.js":{"path":"/Users/alexyeates/development/wdi-group-project/config/routes.js","s":{"1":1,"2":1,"3":1,"4":1,"5":1},"b":{},"f":{},"fnMap":{},"statementMap":{"1":{"start":{"line":1,"column":0},"end":{"line":1,"column":43}},"2":{"start":{"line":2,"column":0},"end":{"line":2,"column":47}},"3":{"start":{"line":4,"column":0},"end":{"line":6,"column":20}},"4":{"start":{"line":8,"column":0},"end":{"line":9,"column":17}},"5":{"start":{"line":11,"column":0},"end":{"line":11,"column":24}}},"branchMap":{}},"/Users/alexyeates/development/wdi-group-project/controllers/users.js":{"path":"/Users/alexyeates/development/wdi-group-project/controllers/users.js","s":{"1":1,"2":1,"3":5,"4":5,"5":1,"6":2,"7":2,"8":1,"9":1,"10":1,"11":1,"12":1,"13":1,"14":1,"15":1},"b":{"1":[1,1]},"f":{"1":5,"2":2,"3":1},"fnMap":{"1":{"name":"usersIndex","line":3,"loc":{"start":{"line":3,"column":0},"end":{"line":3,"column":36}}},"2":{"name":"usersShow","line":13,"loc":{"start":{"line":13,"column":0},"end":{"line":13,"column":35}}},"3":{"name":"usersCreate","line":28,"loc":{"start":{"line":28,"column":0},"end":{"line":28,"column":37}}}},"statementMap":{"1":{"start":{"line":1,"column":0},"end":{"line":1,"column":39}},"2":{"start":{"line":3,"column":0},"end":{"line":11,"column":1}},"3":{"start":{"line":4,"column":2},"end":{"line":10,"column":15}},"4":{"start":{"line":8,"column":4},"end":{"line":8,"column":39}},"5":{"start":{"line":13,"column":0},"end":{"line":26,"column":1}},"6":{"start":{"line":14,"column":2},"end":{"line":25,"column":15}},"7":{"start":{"line":18,"column":4},"end":{"line":22,"column":5}},"8":{"start":{"line":19,"column":6},"end":{"line":19,"column":52}},"9":{"start":{"line":20,"column":6},"end":{"line":20,"column":25}},"10":{"start":{"line":21,"column":6},"end":{"line":21,"column":25}},"11":{"start":{"line":23,"column":4},"end":{"line":23,"column":38}},"12":{"start":{"line":28,"column":0},"end":{"line":33,"column":1}},"13":{"start":{"line":29,"column":2},"end":{"line":32,"column":15}},"14":{"start":{"line":31,"column":16},"end":{"line":31,"column":42}},"15":{"start":{"line":35,"column":0},"end":{"line":39,"column":2}}},"branchMap":{"1":{"line":18,"type":"if","locations":[{"start":{"line":18,"column":4},"end":{"line":18,"column":4}},{"start":{"line":18,"column":4},"end":{"line":18,"column":4}}]}}},"/Users/alexyeates/development/wdi-group-project/models/user.js":{"path":"/Users/alexyeates/development/wdi-group-project/models/user.js","s":{"1":1,"2":1,"3":1},"b":{},"f":{},"fnMap":{},"statementMap":{"1":{"start":{"line":1,"column":0},"end":{"line":1,"column":38}},"2":{"start":{"line":3,"column":0},"end":{"line":17,"column":3}},"3":{"start":{"line":19,"column":0},"end":{"line":19,"column":52}}},"branchMap":{}},"/Users/alexyeates/development/wdi-group-project/lib/errorHandler.js":{"path":"/Users/alexyeates/development/wdi-group-project/lib/errorHandler.js","s":{"1":1,"2":1,"3":1,"4":1,"5":0,"6":1,"7":1},"b":{"1":[1,0],"2":[1,0],"3":[0,1]},"f":{"1":1},"fnMap":{"1":{"name":"errorHandler","line":3,"loc":{"start":{"line":3,"column":0},"end":{"line":3,"column":43}}}},"statementMap":{"1":{"start":{"line":3,"column":0},"end":{"line":10,"column":1}},"2":{"start":{"line":4,"column":2},"end":{"line":4,"column":33}},"3":{"start":{"line":5,"column":2},"end":{"line":5,"column":55}},"4":{"start":{"line":6,"column":2},"end":{"line":8,"column":3}},"5":{"start":{"line":7,"column":4},"end":{"line":7,"column":21}},"6":{"start":{"line":9,"column":2},"end":{"line":9,"column":63}},"7":{"start":{"line":12,"column":0},"end":{"line":12,"column":30}}},"branchMap":{"1":{"line":4,"type":"binary-expr","locations":[{"start":{"line":4,"column":15},"end":{"line":4,"column":25}},{"start":{"line":4,"column":29},"end":{"line":4,"column":32}}]},"2":{"line":5,"type":"binary-expr","locations":[{"start":{"line":5,"column":16},"end":{"line":5,"column":27}},{"start":{"line":5,"column":31},"end":{"line":5,"column":54}}]},"3":{"line":6,"type":"if","locations":[{"start":{"line":6,"column":2},"end":{"line":6,"column":2}},{"start":{"line":6,"column":2},"end":{"line":6,"column":2}}]}}}}