TN:
SF:/Users/alexyeates/development/wdi-group-project/index.js
FNF:0
FNH:0
DA:1,1
DA:2,1
DA:3,1
DA:4,1
DA:5,1
DA:6,1
DA:7,1
DA:8,1
DA:9,1
DA:10,1
DA:12,1
DA:13,1
DA:15,1
DA:16,1
DA:17,1
DA:18,1
DA:20,1
DA:22,1
LF:18
LH:18
BRDA:2,1,0,1
BRDA:2,1,1,1
BRF:2
BRH:2
end_of_record
TN:
SF:/Users/alexyeates/development/wdi-group-project/config/env.js
FNF:0
FNH:0
DA:1,1
LF:1
LH:1
BRF:0
BRH:0
end_of_record
TN:
SF:/Users/alexyeates/development/wdi-group-project/config/routes.js
FNF:0
FNH:0
DA:1,1
DA:2,1
DA:3,1
DA:5,1
DA:9,1
DA:14,1
DA:18,1
DA:22,1
LF:8
LH:8
BRF:0
BRH:0
end_of_record
TN:
SF:/Users/alexyeates/development/wdi-group-project/controllers/users.js
FN:3,usersIndex
FN:13,usersShow
FN:28,usersCreate
FN:37,usersUpdate
FN:47,usersDelete
FNF:5
FNH:5
FNDA:5,usersIndex
FNDA:2,usersShow
FNDA:1,usersCreate
FNDA:1,usersUpdate
FNDA:1,usersDelete
DA:1,1
DA:3,1
DA:4,5
DA:8,5
DA:13,1
DA:14,2
DA:18,2
DA:19,1
DA:20,1
DA:21,1
DA:23,1
DA:28,1
DA:29,1
DA:32,1
DA:37,1
DA:38,1
DA:42,1
DA:47,1
DA:48,1
DA:51,1
DA:55,1
LF:21
LH:21
BRDA:18,1,0,1
BRDA:18,1,1,1
BRF:2
BRH:2
end_of_record
TN:
SF:/Users/alexyeates/development/wdi-group-project/models/user.js
FNF:0
FNH:0
DA:1,1
DA:3,1
DA:19,1
LF:3
LH:3
BRF:0
BRH:0
end_of_record
TN:
SF:/Users/alexyeates/development/wdi-group-project/controllers/groups.js
FN:3,groupsIndex
FN:13,groupsCreate
FN:23,groupsShow
FNF:3
FNH:2
FNDA:5,groupsIndex
FNDA:0,groupsCreate
FNDA:1,groupsShow
DA:1,1
DA:3,1
DA:4,5
DA:8,5
DA:13,1
DA:14,0
DA:17,0
DA:18,0
DA:20,0
DA:23,1
DA:24,1
DA:28,1
DA:29,1
DA:30,1
DA:31,1
DA:33,0
DA:38,1
LF:17
LH:12
BRDA:28,1,0,1
BRDA:28,1,1,0
BRF:2
BRH:1
end_of_record
TN:
SF:/Users/alexyeates/development/wdi-group-project/models/group.js
FNF:0
FNH:0
DA:1,1
DA:3,1
DA:23,1
LF:3
LH:3
BRF:0
BRH:0
end_of_record
TN:
SF:/Users/alexyeates/development/wdi-group-project/lib/errorHandler.js
FN:3,errorHandler
FNF:1
FNH:1
FNDA:2,errorHandler
DA:3,1
DA:4,2
DA:5,2
DA:6,2
DA:7,0
DA:9,2
DA:12,1
LF:7
LH:6
BRDA:4,1,0,2
BRDA:4,1,1,0
BRDA:5,2,0,2
BRDA:5,2,1,0
BRDA:6,3,0,0
BRDA:6,3,1,2
BRF:6
BRH:3
end_of_record
